<?xml version="1.0" encoding="UTF-8"?>
<!-- Generated by org.testng.reporters.JUnitReportReporter -->
<testsuite hostname="AKKANE2L3" failures="0" tests="1" name="com.selenium.tests.GoogleSearchTest" time="10.860" errors="0" timestamp="29 Nov 2021 05:41:08 GMT" skipped="0">
  <testcase classname="com.selenium.tests.GoogleSearchTest" name="typeInGoogleSearch" time="10.860"/>
</testsuite> <!-- com.selenium.tests.GoogleSearchTest -->
