<?xml version="1.0" encoding="UTF-8"?>
<!-- Generated by org.testng.reporters.JUnitReportReporter -->
<testsuite skipped="0" hostname="AKKANE2L2" name="com.freecrm.logintests.LoginTest" tests="1" failures="0" timestamp="30 Dec 2020 10:22:29 GMT" time="80.199" errors="0">
  <testcase name="loginTest1" time="80.199" classname="com.freecrm.logintests.LoginTest"/>
</testsuite> <!-- com.freecrm.logintests.LoginTest -->
